<?xml version="1.0" encoding="UTF-8"?>
<testsuite name="io.github.sudharsan_selvaraj.amazon.AmazonTest" tests="2" skipped="0" failures="2" errors="0" timestamp="2025-05-30T14:48:58" hostname="192.168.1.248.non-exists.ptr.local" time="117.252">
  <properties/>
  <testcase name="runTestIgnoreWait" classname="io.github.sudharsan_selvaraj.amazon.AmazonTest" time="84.432">
    <failure message="org.openqa.selenium.TimeoutException: Expected condition failed: waiting for presence of element located by: By.cssSelector: #add-to-cart-button (tried for 60 second(s) with 500 milliseconds interval)" type="org.openqa.selenium.TimeoutException">org.openqa.selenium.TimeoutException: Expected condition failed: waiting for presence of element located by: By.cssSelector: #add-to-cart-button (tried for 60 second(s) with 500 milliseconds interval)
	at app//org.openqa.selenium.support.ui.WebDriverWait.timeoutException(WebDriverWait.java:84)
	at app//org.openqa.selenium.support.ui.FluentWait.until(FluentWait.java:228)
	at app//io.github.sudharsan_selvaraj.amazon.AmazonTest.runTestIgnoreWait(AmazonTest.java:64)
	at java.base@17.0.13/jdk.internal.reflect.NativeMethodAccessorImpl.invoke0(Native Method)
	at java.base@17.0.13/jdk.internal.reflect.NativeMethodAccessorImpl.invoke(NativeMethodAccessorImpl.java:77)
	at java.base@17.0.13/jdk.internal.reflect.DelegatingMethodAccessorImpl.invoke(DelegatingMethodAccessorImpl.java:43)
	at java.base@17.0.13/java.lang.reflect.Method.invoke(Method.java:569)
	at app//org.testng.internal.MethodInvocationHelper.invokeMethod(MethodInvocationHelper.java:133)
	at app//org.testng.internal.TestInvoker.invokeMethod(TestInvoker.java:598)
	at app//org.testng.internal.TestInvoker.invokeTestMethod(TestInvoker.java:173)
	at app//org.testng.internal.MethodRunner.runInSequence(MethodRunner.java:46)
	at app//org.testng.internal.TestInvoker$MethodInvocationAgent.invoke(TestInvoker.java:824)
	at app//org.testng.internal.TestInvoker.invokeTestMethods(TestInvoker.java:146)
	at app//org.testng.internal.TestMethodWorker.invokeTestMethods(TestMethodWorker.java:146)
	at app//org.testng.internal.TestMethodWorker.run(TestMethodWorker.java:128)
	at java.base@17.0.13/java.util.ArrayList.forEach(ArrayList.java:1511)
	at app//org.testng.TestRunner.privateRun(TestRunner.java:794)
	at app//org.testng.TestRunner.run(TestRunner.java:596)
	at app//org.testng.SuiteRunner.runTest(SuiteRunner.java:377)
	at app//org.testng.SuiteRunner.runSequentially(SuiteRunner.java:371)
	at app//org.testng.SuiteRunner.privateRun(SuiteRunner.java:332)
	at app//org.testng.SuiteRunner.run(SuiteRunner.java:276)
	at app//org.testng.SuiteRunnerWorker.runSuite(SuiteRunnerWorker.java:53)
	at app//org.testng.SuiteRunnerWorker.run(SuiteRunnerWorker.java:96)
	at app//org.testng.TestNG.runSuitesSequentially(TestNG.java:1212)
	at app//org.testng.TestNG.runSuitesLocally(TestNG.java:1134)
	at app//org.testng.TestNG.runSuites(TestNG.java:1063)
	at app//org.testng.TestNG.run(TestNG.java:1031)
	at org.gradle.api.internal.tasks.testing.testng.TestNGTestClassProcessor.runTests(TestNGTestClassProcessor.java:146)
	at org.gradle.api.internal.tasks.testing.testng.TestNGTestClassProcessor.stop(TestNGTestClassProcessor.java:91)
	at org.gradle.api.internal.tasks.testing.SuiteTestClassProcessor.stop(SuiteTestClassProcessor.java:62)
	at java.base@17.0.13/jdk.internal.reflect.NativeMethodAccessorImpl.invoke0(Native Method)
	at java.base@17.0.13/jdk.internal.reflect.NativeMethodAccessorImpl.invoke(NativeMethodAccessorImpl.java:77)
	at java.base@17.0.13/jdk.internal.reflect.DelegatingMethodAccessorImpl.invoke(DelegatingMethodAccessorImpl.java:43)
	at java.base@17.0.13/java.lang.reflect.Method.invoke(Method.java:569)
	at org.gradle.internal.dispatch.ReflectionDispatch.dispatch(ReflectionDispatch.java:36)
	at org.gradle.internal.dispatch.ReflectionDispatch.dispatch(ReflectionDispatch.java:24)
	at org.gradle.internal.dispatch.ContextClassLoaderDispatch.dispatch(ContextClassLoaderDispatch.java:33)
	at org.gradle.internal.dispatch.ProxyDispatchAdapter$DispatchingInvocationHandler.invoke(ProxyDispatchAdapter.java:94)
	at jdk.proxy1/jdk.proxy1.$Proxy2.stop(Unknown Source)
	at org.gradle.api.internal.tasks.testing.worker.TestWorker$3.run(TestWorker.java:193)
	at org.gradle.api.internal.tasks.testing.worker.TestWorker.executeAndMaintainThreadName(TestWorker.java:129)
	at org.gradle.api.internal.tasks.testing.worker.TestWorker.execute(TestWorker.java:100)
	at org.gradle.api.internal.tasks.testing.worker.TestWorker.execute(TestWorker.java:60)
	at org.gradle.process.internal.worker.child.ActionExecutionWorker.execute(ActionExecutionWorker.java:56)
	at org.gradle.process.internal.worker.child.SystemApplicationClassLoaderWorker.call(SystemApplicationClassLoaderWorker.java:113)
	at org.gradle.process.internal.worker.child.SystemApplicationClassLoaderWorker.call(SystemApplicationClassLoaderWorker.java:65)
	at app//worker.org.gradle.process.internal.worker.GradleWorkerMain.run(GradleWorkerMain.java:69)
	at app//worker.org.gradle.process.internal.worker.GradleWorkerMain.main(GradleWorkerMain.java:74)
Caused by: org.openqa.selenium.NoSuchElementException: no such element: Unable to locate element: {&quot;method&quot;:&quot;css selector&quot;,&quot;selector&quot;:&quot;#add-to-cart-button&quot;}
  (Session info: chrome=136.0.7103.114)
For documentation on this error, please visit: https://www.selenium.dev/documentation/webdriver/troubleshooting/errors#no-such-element-exception
Build info: version: '4.28.0', revision: 'ac342546e9'
System info: os.name: 'Mac OS X', os.arch: 'x86_64', os.version: '12.7.6', java.version: '17.0.13'
Driver info: org.openqa.selenium.chrome.ChromeDriver
Command: [4ae4c8e69d4f356fd6744e9c2425026b, findElement {using=css selector, value=#add-to-cart-button}]
Capabilities {acceptInsecureCerts: false, browserName: chrome, browserVersion: 136.0.7103.114, chrome: {chromedriverVersion: 136.0.7103.113 (76fa3c17824..., userDataDir: /var/folders/qh/0br_shq51mg...}, fedcm:accounts: true, goog:chromeOptions: {debuggerAddress: localhost:49630}, networkConnectionEnabled: false, pageLoadStrategy: normal, platformName: mac, proxy: Proxy(), se:cdp: ws://localhost:49630/devtoo..., se:cdpVersion: 136.0.7103.114, setWindowRect: true, strictFileInteractability: false, timeouts: {implicit: 0, pageLoad: 300000, script: 30000}, unhandledPromptBehavior: dismiss and notify, webauthn:extension:credBlob: true, webauthn:extension:largeBlob: true, webauthn:extension:minPinLength: true, webauthn:extension:prf: true, webauthn:virtualAuthenticators: true}
Session ID: 4ae4c8e69d4f356fd6744e9c2425026b
	at jdk.internal.reflect.GeneratedConstructorAccessor20.newInstance(Unknown Source)
	at java.base@17.0.13/jdk.internal.reflect.DelegatingConstructorAccessorImpl.newInstance(DelegatingConstructorAccessorImpl.java:45)
	at java.base@17.0.13/java.lang.reflect.Constructor.newInstanceWithCaller(Constructor.java:500)
	at java.base@17.0.13/java.lang.reflect.Constructor.newInstance(Constructor.java:481)
	at app//org.openqa.selenium.remote.ErrorCodec.decode(ErrorCodec.java:167)
	at app//org.openqa.selenium.remote.codec.w3c.W3CHttpResponseCodec.decode(W3CHttpResponseCodec.java:138)
	at app//org.openqa.selenium.remote.codec.w3c.W3CHttpResponseCodec.decode(W3CHttpResponseCodec.java:50)
	at app//org.openqa.selenium.remote.HttpCommandExecutor.execute(HttpCommandExecutor.java:215)
	at app//org.openqa.selenium.remote.service.DriverCommandExecutor.invokeExecute(DriverCommandExecutor.java:216)
	at app//org.openqa.selenium.remote.service.DriverCommandExecutor.execute(DriverCommandExecutor.java:174)
	at app//org.openqa.selenium.remote.RemoteWebDriver.execute(RemoteWebDriver.java:545)
	at app//org.openqa.selenium.remote.ElementLocation$ElementFinder$2.findElement(ElementLocation.java:165)
	at app//org.openqa.selenium.remote.ElementLocation.findElement(ElementLocation.java:59)
	at app//org.openqa.selenium.remote.RemoteWebDriver.findElement(RemoteWebDriver.java:368)
	at app//org.openqa.selenium.remote.RemoteWebDriver.findElement(RemoteWebDriver.java:362)
	at jdk.internal.reflect.GeneratedMethodAccessor20.invoke(Unknown Source)
	at java.base@17.0.13/jdk.internal.reflect.DelegatingMethodAccessorImpl.invoke(DelegatingMethodAccessorImpl.java:43)
	at java.base@17.0.13/java.lang.reflect.Method.invoke(Method.java:569)
	at app//io.github.sudharsan_selvaraj.interceptor.BaseInterceptor.invoke(BaseInterceptor.java:127)
	at app//io.github.sudharsan_selvaraj.interceptor.BaseInterceptor.answer(BaseInterceptor.java:153)
	at app//org.mockito.internal.handler.MockHandlerImpl.handle(MockHandlerImpl.java:111)
	at app//org.mockito.internal.handler.NullResultGuardian.handle(NullResultGuardian.java:29)
	at app//org.mockito.internal.handler.InvocationNotifierHandler.handle(InvocationNotifierHandler.java:34)
	at app//org.mockito.internal.creation.bytebuddy.MockMethodInterceptor.doIntercept(MockMethodInterceptor.java:82)
	at app//org.mockito.internal.creation.bytebuddy.MockMethodAdvice.handle(MockMethodAdvice.java:134)
	at app//org.openqa.selenium.remote.RemoteWebDriver.findElement(RemoteWebDriver.java:360)
	at app//org.openqa.selenium.support.ui.ExpectedConditions$6.apply(ExpectedConditions.java:171)
	at app//org.openqa.selenium.support.ui.ExpectedConditions$6.apply(ExpectedConditions.java:168)
	at app//org.openqa.selenium.support.ui.FluentWait.until(FluentWait.java:203)
	... 47 more
</failure>
  </testcase>
  <testcase name="runTestWthAutoWait" classname="io.github.sudharsan_selvaraj.amazon.AmazonTest" time="32.81">
    <failure message="org.openqa.selenium.NoSuchElementException: no such element: Unable to locate element: {&quot;method&quot;:&quot;css selector&quot;,&quot;selector&quot;:&quot;#twotabsearchtextbox&quot;}&#10;  (Session info: chrome=136.0.7103.114)&#10;For documentation on this error, please visit: https://www.selenium.dev/documentation/webdriver/troubleshooting/errors#no-such-element-exception&#10;Build info: version: '4.28.0', revision: 'ac342546e9'&#10;System info: os.name: 'Mac OS X', os.arch: 'x86_64', os.version: '12.7.6', java.version: '17.0.13'&#10;Driver info: org.openqa.selenium.chrome.ChromeDriver&#10;Command: [8a529c8faa12775d7b3c75e6558191da, findElement {using=id, value=twotabsearchtextbox}]&#10;Capabilities {acceptInsecureCerts: false, browserName: chrome, browserVersion: 136.0.7103.114, chrome: {chromedriverVersion: 136.0.7103.113 (76fa3c17824..., userDataDir: /var/folders/qh/0br_shq51mg...}, fedcm:accounts: true, goog:chromeOptions: {debuggerAddress: localhost:49792}, networkConnectionEnabled: false, pageLoadStrategy: normal, platformName: mac, proxy: Proxy(), se:cdp: ws://localhost:49792/devtoo..., se:cdpVersion: 136.0.7103.114, setWindowRect: true, strictFileInteractability: false, timeouts: {implicit: 0, pageLoad: 300000, script: 30000}, unhandledPromptBehavior: dismiss and notify, webauthn:extension:credBlob: true, webauthn:extension:largeBlob: true, webauthn:extension:minPinLength: true, webauthn:extension:prf: true, webauthn:virtualAuthenticators: true}&#10;Session ID: 8a529c8faa12775d7b3c75e6558191da" type="org.openqa.selenium.NoSuchElementException">org.openqa.selenium.NoSuchElementException: no such element: Unable to locate element: {&quot;method&quot;:&quot;css selector&quot;,&quot;selector&quot;:&quot;#twotabsearchtextbox&quot;}
  (Session info: chrome=136.0.7103.114)
For documentation on this error, please visit: https://www.selenium.dev/documentation/webdriver/troubleshooting/errors#no-such-element-exception
Build info: version: '4.28.0', revision: 'ac342546e9'
System info: os.name: 'Mac OS X', os.arch: 'x86_64', os.version: '12.7.6', java.version: '17.0.13'
Driver info: org.openqa.selenium.chrome.ChromeDriver
Command: [8a529c8faa12775d7b3c75e6558191da, findElement {using=id, value=twotabsearchtextbox}]
Capabilities {acceptInsecureCerts: false, browserName: chrome, browserVersion: 136.0.7103.114, chrome: {chromedriverVersion: 136.0.7103.113 (76fa3c17824..., userDataDir: /var/folders/qh/0br_shq51mg...}, fedcm:accounts: true, goog:chromeOptions: {debuggerAddress: localhost:49792}, networkConnectionEnabled: false, pageLoadStrategy: normal, platformName: mac, proxy: Proxy(), se:cdp: ws://localhost:49792/devtoo..., se:cdpVersion: 136.0.7103.114, setWindowRect: true, strictFileInteractability: false, timeouts: {implicit: 0, pageLoad: 300000, script: 30000}, unhandledPromptBehavior: dismiss and notify, webauthn:extension:credBlob: true, webauthn:extension:largeBlob: true, webauthn:extension:minPinLength: true, webauthn:extension:prf: true, webauthn:virtualAuthenticators: true}
Session ID: 8a529c8faa12775d7b3c75e6558191da
	at jdk.internal.reflect.GeneratedConstructorAccessor20.newInstance(Unknown Source)
	at java.base@17.0.13/jdk.internal.reflect.DelegatingConstructorAccessorImpl.newInstance(DelegatingConstructorAccessorImpl.java:45)
	at java.base@17.0.13/java.lang.reflect.Constructor.newInstanceWithCaller(Constructor.java:500)
	at java.base@17.0.13/java.lang.reflect.Constructor.newInstance(Constructor.java:481)
	at app//org.openqa.selenium.remote.ErrorCodec.decode(ErrorCodec.java:167)
	at app//org.openqa.selenium.remote.codec.w3c.W3CHttpResponseCodec.decode(W3CHttpResponseCodec.java:138)
	at app//org.openqa.selenium.remote.codec.w3c.W3CHttpResponseCodec.decode(W3CHttpResponseCodec.java:50)
	at app//org.openqa.selenium.remote.HttpCommandExecutor.execute(HttpCommandExecutor.java:215)
	at app//org.openqa.selenium.remote.service.DriverCommandExecutor.invokeExecute(DriverCommandExecutor.java:216)
	at app//org.openqa.selenium.remote.service.DriverCommandExecutor.execute(DriverCommandExecutor.java:174)
	at app//org.openqa.selenium.remote.RemoteWebDriver.execute(RemoteWebDriver.java:545)
	at app//org.openqa.selenium.remote.ElementLocation$ElementFinder$2.findElement(ElementLocation.java:165)
	at app//org.openqa.selenium.remote.ElementLocation.findElement(ElementLocation.java:59)
	at app//org.openqa.selenium.remote.RemoteWebDriver.findElement(RemoteWebDriver.java:368)
	at app//org.openqa.selenium.remote.RemoteWebDriver.findElement(RemoteWebDriver.java:362)
	at app//org.openqa.selenium.support.ui.ExpectedConditions$6.apply(ExpectedConditions.java:171)
	at app//org.openqa.selenium.support.ui.ExpectedConditions$6.apply(ExpectedConditions.java:168)
	at app//org.openqa.selenium.support.ui.FluentWait.until(FluentWait.java:203)
	at app//io.github.sudharsan_selvaraj.autowait.WebDriverWaitUtil.waitForElementPresent(WebDriverWaitUtil.java:25)
	at app//io.github.sudharsan_selvaraj.autowait.DriverEventListener.processFindElementCommand(DriverEventListener.java:89)
	at app//io.github.sudharsan_selvaraj.autowait.DriverEventListener.beforeDriverCommandExecuted(DriverEventListener.java:37)
	at app//io.github.sudharsan_selvaraj.DriverEventDispatcher.lambda$beforeDriverCommandExecuted$0(DriverEventDispatcher.java:27)
	at java.base@17.0.13/java.util.ArrayList.forEach(ArrayList.java:1511)
	at app//io.github.sudharsan_selvaraj.DriverEventDispatcher.beforeDriverCommandExecuted(DriverEventDispatcher.java:27)
	at app//io.github.sudharsan_selvaraj.interceptor.BaseInterceptor.notifyBefore(BaseInterceptor.java:92)
	at app//io.github.sudharsan_selvaraj.interceptor.BaseInterceptor.invoke(BaseInterceptor.java:125)
	at app//io.github.sudharsan_selvaraj.interceptor.BaseInterceptor.answer(BaseInterceptor.java:153)
	at app//org.mockito.internal.handler.MockHandlerImpl.handle(MockHandlerImpl.java:111)
	at app//org.mockito.internal.handler.NullResultGuardian.handle(NullResultGuardian.java:29)
	at app//org.mockito.internal.handler.InvocationNotifierHandler.handle(InvocationNotifierHandler.java:34)
	at app//org.mockito.internal.creation.bytebuddy.MockMethodInterceptor.doIntercept(MockMethodInterceptor.java:82)
	at app//org.mockito.internal.creation.bytebuddy.MockMethodAdvice.handle(MockMethodAdvice.java:134)
	at app//org.openqa.selenium.remote.RemoteWebDriver.findElement(RemoteWebDriver.java:360)
	at app//io.github.sudharsan_selvaraj.amazon.AmazonTest.runTestWthAutoWait(AmazonTest.java:39)
	at java.base@17.0.13/jdk.internal.reflect.NativeMethodAccessorImpl.invoke0(Native Method)
	at java.base@17.0.13/jdk.internal.reflect.NativeMethodAccessorImpl.invoke(NativeMethodAccessorImpl.java:77)
	at java.base@17.0.13/jdk.internal.reflect.DelegatingMethodAccessorImpl.invoke(DelegatingMethodAccessorImpl.java:43)
	at java.base@17.0.13/java.lang.reflect.Method.invoke(Method.java:569)
	at app//org.testng.internal.MethodInvocationHelper.invokeMethod(MethodInvocationHelper.java:133)
	at app//org.testng.internal.TestInvoker.invokeMethod(TestInvoker.java:598)
	at app//org.testng.internal.TestInvoker.invokeTestMethod(TestInvoker.java:173)
	at app//org.testng.internal.MethodRunner.runInSequence(MethodRunner.java:46)
	at app//org.testng.internal.TestInvoker$MethodInvocationAgent.invoke(TestInvoker.java:824)
	at app//org.testng.internal.TestInvoker.invokeTestMethods(TestInvoker.java:146)
	at app//org.testng.internal.TestMethodWorker.invokeTestMethods(TestMethodWorker.java:146)
	at app//org.testng.internal.TestMethodWorker.run(TestMethodWorker.java:128)
	at java.base@17.0.13/java.util.ArrayList.forEach(ArrayList.java:1511)
	at app//org.testng.TestRunner.privateRun(TestRunner.java:794)
	at app//org.testng.TestRunner.run(TestRunner.java:596)
	at app//org.testng.SuiteRunner.runTest(SuiteRunner.java:377)
	at app//org.testng.SuiteRunner.runSequentially(SuiteRunner.java:371)
	at app//org.testng.SuiteRunner.privateRun(SuiteRunner.java:332)
	at app//org.testng.SuiteRunner.run(SuiteRunner.java:276)
	at app//org.testng.SuiteRunnerWorker.runSuite(SuiteRunnerWorker.java:53)
	at app//org.testng.SuiteRunnerWorker.run(SuiteRunnerWorker.java:96)
	at app//org.testng.TestNG.runSuitesSequentially(TestNG.java:1212)
	at app//org.testng.TestNG.runSuitesLocally(TestNG.java:1134)
	at app//org.testng.TestNG.runSuites(TestNG.java:1063)
	at app//org.testng.TestNG.run(TestNG.java:1031)
	at org.gradle.api.internal.tasks.testing.testng.TestNGTestClassProcessor.runTests(TestNGTestClassProcessor.java:146)
	at org.gradle.api.internal.tasks.testing.testng.TestNGTestClassProcessor.stop(TestNGTestClassProcessor.java:91)
	at org.gradle.api.internal.tasks.testing.SuiteTestClassProcessor.stop(SuiteTestClassProcessor.java:62)
	at java.base@17.0.13/jdk.internal.reflect.NativeMethodAccessorImpl.invoke0(Native Method)
	at java.base@17.0.13/jdk.internal.reflect.NativeMethodAccessorImpl.invoke(NativeMethodAccessorImpl.java:77)
	at java.base@17.0.13/jdk.internal.reflect.DelegatingMethodAccessorImpl.invoke(DelegatingMethodAccessorImpl.java:43)
	at java.base@17.0.13/java.lang.reflect.Method.invoke(Method.java:569)
	at org.gradle.internal.dispatch.ReflectionDispatch.dispatch(ReflectionDispatch.java:36)
	at org.gradle.internal.dispatch.ReflectionDispatch.dispatch(ReflectionDispatch.java:24)
	at org.gradle.internal.dispatch.ContextClassLoaderDispatch.dispatch(ContextClassLoaderDispatch.java:33)
	at org.gradle.internal.dispatch.ProxyDispatchAdapter$DispatchingInvocationHandler.invoke(ProxyDispatchAdapter.java:94)
	at jdk.proxy1/jdk.proxy1.$Proxy2.stop(Unknown Source)
	at org.gradle.api.internal.tasks.testing.worker.TestWorker$3.run(TestWorker.java:193)
	at org.gradle.api.internal.tasks.testing.worker.TestWorker.executeAndMaintainThreadName(TestWorker.java:129)
	at org.gradle.api.internal.tasks.testing.worker.TestWorker.execute(TestWorker.java:100)
	at org.gradle.api.internal.tasks.testing.worker.TestWorker.execute(TestWorker.java:60)
	at org.gradle.process.internal.worker.child.ActionExecutionWorker.execute(ActionExecutionWorker.java:56)
	at org.gradle.process.internal.worker.child.SystemApplicationClassLoaderWorker.call(SystemApplicationClassLoaderWorker.java:113)
	at org.gradle.process.internal.worker.child.SystemApplicationClassLoaderWorker.call(SystemApplicationClassLoaderWorker.java:65)
	at app//worker.org.gradle.process.internal.worker.GradleWorkerMain.run(GradleWorkerMain.java:69)
	at app//worker.org.gradle.process.internal.worker.GradleWorkerMain.main(GradleWorkerMain.java:74)
</failure>
  </testcase>
  <system-out><![CDATA[]]></system-out>
  <system-err><![CDATA[May 30, 2025 9:49:01 PM org.openqa.selenium.devtools.CdpVersionFinder findNearestMatch
WARNING: Unable to find an exact match for CDP version 136, returning the closest version; found: 132; Please update to a Selenium version that supports CDP version 136
May 30, 2025 9:50:24 PM org.openqa.selenium.devtools.CdpVersionFinder findNearestMatch
WARNING: Unable to find an exact match for CDP version 136, returning the closest version; found: 132; Please update to a Selenium version that supports CDP version 136
]]></system-err>
</testsuite>
